<?xml version="1.0" encoding="UTF-8"?>
<testsuite xmlns:xsi="http://www.w3.org/2001/XMLSchema-instance" xsi:noNamespaceSchemaLocation="https://maven.apache.org/surefire/maven-surefire-plugin/xsd/surefire-test-report-3.0.xsd" version="3.0" name="com.finobank.pta.chargeaccount.kogitoTaxRuleTest" time="25.373" tests="7" errors="0" skipped="0" failures="0">
  <properties>
[...]
</properties>
  <testcase name="finoBranchStateCodeMissing" classname="com.finobank.pta.chargeaccount.kogitoTaxRuleTest" time="3.019">
    <system-out><![CDATA[2023-02-22 17:21:17,257 INFO  [org.kie.kog.cod.api.uti.AddonsConfigDiscovery] (build-35) Performed addonsConfig discovery, found: AddonsConfig{usePersistence=false, useTracing=false, useMonitoring=false, usePrometheusMonitoring=false, useCloudEvents=false, useExplainability=false, useProcessSVG=false}
2023-02-22 17:21:18,043 INFO  [org.kie.kog.cod.cor.uti.ApplicationGeneratorDiscovery] (build-35) Generator discovery performed, found [openapispecs, rules]
2023-02-22 17:21:27,283 INFO  [io.quarkus] (main) Quarkus 2.1.4.Final on JVM started in 12.483s. Listening on: http://localhost:6331
2023-02-22 17:21:27,284 INFO  [io.quarkus] (main) Profile test activated. 
2023-02-22 17:21:27,284 INFO  [io.quarkus] (main) Installed features: [cdi, kogito-rules, resteasy, resteasy-jackson, servlet, smallrye-context-propagation, smallrye-health, smallrye-openapi, swagger-ui]
Body{"taxRequest":{"partnerStateCode":20,"inclusive":true,"chargeAmount":1452.352}}
Entered value are ivalid finoBranchStateCodeMissing
]]></system-out>
  </testcase>
  <testcase name="Rule1_InclusiveTrue" classname="com.finobank.pta.chargeaccount.kogitoTaxRuleTest" time="0.057">
    <system-out><![CDATA[Body{"taxRequest":{"partnerStateCode":26,"finoBranchStateCode":26,"inclusive":true,"chargeAmount":12.34532}}
2023-02-22 17:21:30,386 INFO  [com.fin.pta.tax.MyAgendaEventListener] (executor-thread-0) Rule Name fired is 'Rule1'
Entered value are valid Rule1_InclusiveTrue
]]></system-out>
  </testcase>
  <testcase name="invalidData" classname="com.finobank.pta.chargeaccount.kogitoTaxRuleTest" time="0.033">
    <system-out><![CDATA[Body{"taxRequest":{"partnerStateCode":2,"finoBranchStateCode":23,"inclusive":false,"chargeAmount":152.352}}
Entered value are valid invalidData
]]></system-out>
  </testcase>
  <testcase name="Rule1_InclusiveTrue_NegativeChargeAmount" classname="com.finobank.pta.chargeaccount.kogitoTaxRuleTest" time="0.042">
    <system-out><![CDATA[Body{"taxRequest":{"partnerStateCode":26,"finoBranchStateCode":26,"inclusive":true,"chargeAmount":-12532}}
2023-02-22 17:21:30,465 INFO  [com.fin.pta.tax.MyAgendaEventListener] (executor-thread-0) Rule Name fired is 'Rule1'
Entered value are valid Rule1_InclusiveTrue_NegativeChargeAmount
]]></system-out>
  </testcase>
  <testcase name="Rule2_InclusiveFalse" classname="com.finobank.pta.chargeaccount.kogitoTaxRuleTest" time="0.035">
    <system-out><![CDATA[Body{"taxRequest":{"partnerStateCode":20,"finoBranchStateCode":26,"inclusive":false,"chargeAmount":1452.352}}
2023-02-22 17:21:30,506 INFO  [com.fin.pta.tax.MyAgendaEventListener] (executor-thread-0) Rule Name fired is 'Rule2'
Entered value are valid Rule2_InclusiveFalse
]]></system-out>
  </testcase>
  <testcase name="Rule2_InclusiveTrue" classname="com.finobank.pta.chargeaccount.kogitoTaxRuleTest" time="0.037">
    <system-out><![CDATA[Body{"taxRequest":{"partnerStateCode":20,"finoBranchStateCode":26,"inclusive":true,"chargeAmount":1452.352}}
2023-02-22 17:21:30,544 INFO  [com.fin.pta.tax.MyAgendaEventListener] (executor-thread-0) Rule Name fired is 'Rule2'
Entered value are valid Rule2_InclusiveTrue
]]></system-out>
  </testcase>
  <testcase name="Rule1_InclusiveFalse" classname="com.finobank.pta.chargeaccount.kogitoTaxRuleTest" time="0.03">
    <system-out><![CDATA[Body{"taxRequest":{"partnerStateCode":26,"finoBranchStateCode":26,"inclusive":false,"chargeAmount":12.34532}}
2023-02-22 17:21:30,574 INFO  [com.fin.pta.tax.MyAgendaEventListener] (executor-thread-0) Rule Name fired is 'Rule1'
Entered value are valid Rule1_InclusiveFalse
]]></system-out>
  </testcase>
</testsuite>